"D:/Unreal Projects/Paper2d/Paper2d.uproject" 1
"../../../Engine/Plugins/2D/Paper2D/Paper2D.uplugin" 2
"../../../Engine/Plugins/Blendables/LightPropagationVolume/LightPropagationVolume.uplugin" 3
"../../../Engine/Plugins/Developer/BlankPlugin/BlankPlugin.uplugin" 4
"../../../Engine/Plugins/Developer/CodeLiteSourceCodeAccess/CodeLiteSourceCodeAccess.uplugin" 5
"../../../Engine/Plugins/Developer/GitSourceControl/GitSourceControl.uplugin" 6
"../../../Engine/Plugins/Developer/KDevelopSourceCodeAccess/KDevelopSourceCodeAccess.uplugin" 7
"../../../Engine/Plugins/Developer/NullSourceCodeAccess/NullSourceCodeAccess.uplugin" 8
"../../../Engine/Plugins/Developer/OneSkyLocalizationService/OneSkyLocalizationService.uplugin" 9
"../../../Engine/Plugins/Developer/PerforceSourceControl/PerforceSourceControl.uplugin" 10
"../../../Engine/Plugins/Developer/SubversionSourceControl/SubversionSourceControl.uplugin" 11
"../../../Engine/Plugins/Developer/UObjectPlugin/UObjectPlugin.uplugin" 12
"../../../Engine/Plugins/Developer/VisualStudioSourceCodeAccess/VisualStudioSourceCodeAccess.uplugin" 13
"../../../Engine/Plugins/Developer/XCodeSourceCodeAccess/XCodeSourceCodeAccess.uplugin" 14
"../../../Engine/Plugins/Editor/EpicSurvey/EpicSurvey.uplugin" 15
"../../../Engine/Plugins/Editor/MacGraphicsSwitching/MacGraphicsSwitching.uplugin" 16
"../../../Engine/Plugins/Editor/PluginBrowser/PluginBrowser.uplugin" 17
"../../../Engine/Plugins/Editor/SpeedTreeImporter/SpeedTreeImporter.uplugin" 18
"../../../Engine/Plugins/Experimental/BlueprintStats/BlueprintStats.uplugin" 19
"../../../Engine/Plugins/Experimental/CharacterAI/CharacterAI.uplugin" 20
"../../../Engine/Plugins/Experimental/CodeEditor/CodeEditor.uplugin" 21
"../../../Engine/Plugins/Experimental/CodeView/CodeView.uplugin" 22
"../../../Engine/Plugins/Experimental/HTML5Networking/HTML5Networking.uplugin" 23
"../../../Engine/Plugins/Experimental/LiveEditor/LiveEditor.uplugin" 24
"../../../Engine/Plugins/Experimental/Phya/Phya.uplugin" 25
"../../../Engine/Plugins/Experimental/SimpleHMD/SimpleHMD.uplugin" 26
"../../../Engine/Plugins/Experimental/StructBox/StructBox.uplugin" 27
"../../../Engine/Plugins/Media/AndroidMedia/AndroidMedia.uplugin" 28
"../../../Engine/Plugins/Media/AvfMedia/AvfMedia.uplugin" 29
"../../../Engine/Plugins/Media/MediaPlayerEditor/MediaPlayerEditor.uplugin" 30
"../../../Engine/Plugins/Media/WmfMedia/WmfMedia.uplugin" 31
"../../../Engine/Plugins/Messaging/MessagingDebugger/MessagingDebugger.uplugin" 32
"../../../Engine/Plugins/Messaging/UdpMessaging/UdpMessaging.uplugin" 33
"../../../Engine/Plugins/MovieScene/LevelSequenceEditor/LevelSequenceEditor.uplugin" 34
"../../../Engine/Plugins/NetcodeUnitTest/NetcodeUnitTest/NetcodeUnitTest.uplugin" 35
"../../../Engine/Plugins/NetcodeUnitTest/NUTUnrealEngine4/NUTUnrealEngine4.uplugin" 36
"../../../Engine/Plugins/Runtime/Advertising/IOSTapJoy/IOSTapJoy.uplugin" 37
"../../../Engine/Plugins/Runtime/Analytics/AnalyticsBlueprintLibrary/AnalyticsBlueprintLibrary.uplugin" 38
"../../../Engine/Plugins/Runtime/Analytics/AnalyticsMulticast/AnalyticsMulticast.uplugin" 39
"../../../Engine/Plugins/Runtime/Analytics/Apsalar/IOSApsalar/IOSApsalar.uplugin" 40
"../../../Engine/Plugins/Runtime/Analytics/FileLogging/FileLogging.uplugin" 41
"../../../Engine/Plugins/Runtime/Analytics/Flurry/IOSFlurry/IOSFlurry.uplugin" 42
"../../../Engine/Plugins/Runtime/AndroidDeviceProfileSelector/AndroidDeviceProfileSelector.uplugin" 43
"../../../Engine/Plugins/Runtime/AndroidMoviePlayer/AndroidMoviePlayer.uplugin" 44
"../../../Engine/Plugins/Runtime/AppleMoviePlayer/AppleMoviePlayer.uplugin" 45
"../../../Engine/Plugins/Runtime/ArchVisCharacter/ArchVisCharacter.uplugin" 46
"../../../Engine/Plugins/Runtime/CableComponent/CableComponent.uplugin" 47
"../../../Engine/Plugins/Runtime/CustomMeshComponent/CustomMeshComponent.uplugin" 48
"../../../Engine/Plugins/Runtime/ExampleDeviceProfileSelector/ExampleDeviceProfileSelector.uplugin" 49
"../../../Engine/Plugins/Runtime/GearVR/GearVR.uplugin" 50
"../../../Engine/Plugins/Runtime/IOSDeviceProfileSelector/IOSDeviceProfileSelector.uplugin" 51
"../../../Engine/Plugins/Runtime/LeapMotionController/LeapMotionController.uplugin" 52
"../../../Engine/Plugins/Runtime/LinuxDeviceProfileSelector/LinuxDeviceProfileSelector.uplugin" 53
"../../../Engine/Plugins/Runtime/LiveEditorListenServer/LiveEditorListenServer.uplugin" 54
"../../../Engine/Plugins/Runtime/OculusAudio/OculusAudio.uplugin" 55
"../../../Engine/Plugins/Runtime/OculusInput/OculusInput.uplugin" 56
"../../../Engine/Plugins/Runtime/OculusLibrary/OculusLibrary.uplugin" 57
"../../../Engine/Plugins/Runtime/OculusRift/OculusRift.uplugin" 58
"../../../Engine/Plugins/Runtime/ProceduralMeshComponent/ProceduralMeshComponent.uplugin" 59
"../../../Engine/Plugins/Runtime/SoundMod/SoundMod.uplugin" 60
"../../../Engine/Plugins/Runtime/SoundVisualizations/SoundVisualizations.uplugin" 61
"../../../Engine/Plugins/Runtime/Steam/SteamController/SteamController.uplugin" 62
"../../../Engine/Plugins/Runtime/Steam/SteamVR/SteamVR.uplugin" 63
"../../../Engine/Plugins/Runtime/WebBrowserWidget/WebBrowserWidget.uplugin" 64
"../../../Engine/Plugins/Runtime/WindowsDeviceProfileSelector/WindowsDeviceProfileSelector.uplugin" 65
"../../../Engine/Plugins/Runtime/WindowsMoviePlayer/WindowsMoviePlayer.uplugin" 66
"../../../Engine/Plugins/ScriptGeneratorPlugin/ScriptGeneratorPlugin.uplugin" 67
"../../../Engine/Plugins/ScriptPlugin/ScriptPlugin.uplugin" 68
"../../../Engine/Plugins/Slate/SlateRemote/SlateRemote.uplugin" 69
"..\..\..\Engine\Content\Internationalization\icudt53l\cnvalias.icu" 70
"..\..\..\Engine\Content\Internationalization\icudt53l\en_US_POSIX.res" 71
"..\..\..\Engine\Content\Internationalization\icudt53l\pool.res" 72
"..\..\..\Engine\Content\Internationalization\icudt53l\en_US.res" 73
"..\..\..\Engine\Content\Internationalization\icudt53l\en.res" 74
"..\..\..\Engine\Content\Internationalization\icudt53l\root.res" 75
"C:/Users/Adam/AppData/Local/UnrealEngine/4.10/Saved/Config/Windows/Manifest.ini" 76
"../../../Engine/Config/Base.ini" 77
"../../../Engine/Config/BaseEngine.ini" 78
"D:/Unreal Projects/Paper2d/Config/DefaultEngine.ini" 79
"../../../Engine/Config/Windows/WindowsEngine.ini" 80
"D:/Unreal Projects/Paper2d/Saved/Config/Windows/Engine.ini" 81
"D:/Unreal Projects/Paper2d/Intermediate/Config/CoalescedSourceConfigs/Engine.ini" 82
"../../../Engine/Config/BaseGame.ini" 83
"D:/Unreal Projects/Paper2d/Config/DefaultGame.ini" 84
"D:/Unreal Projects/Paper2d/Saved/Config/Windows/Game.ini" 85
"D:/Unreal Projects/Paper2d/Intermediate/Config/CoalescedSourceConfigs/Game.ini" 86
"../../../Engine/Config/BaseInput.ini" 87
"D:/Unreal Projects/Paper2d/Config/DefaultInput.ini" 88
"D:/Unreal Projects/Paper2d/Saved/Config/Windows/Input.ini" 89
"D:/Unreal Projects/Paper2d/Intermediate/Config/CoalescedSourceConfigs/Input.ini" 90
"../../../Engine/Config/BaseEditor.ini" 91
"D:/Unreal Projects/Paper2d/Config/DefaultEditor.ini" 92
"D:/Unreal Projects/Paper2d/Saved/Config/Windows/Editor.ini" 93
"D:/Unreal Projects/Paper2d/Intermediate/Config/CoalescedSourceConfigs/Editor.ini" 94
"../../../Engine/Config/BaseEditorPerProjectUserSettings.ini" 95
"D:/Unreal Projects/Paper2d/Config/DefaultEditorPerProjectUserSettings.ini" 96
"D:/Unreal Projects/Paper2d/Saved/Config/Windows/EditorPerProjectUserSettings.ini" 97
"D:/Unreal Projects/Paper2d/Intermediate/Config/CoalescedSourceConfigs/EditorPerProjectUserSettings.ini" 98
"../../../Engine/Config/BaseEditorSettings.ini" 99
"C:/Users/Adam/AppData/Local/UnrealEngine/4.10/Saved/Config/Windows/EditorSettings.ini" 100
"D:/Unreal Projects/Paper2d/Intermediate/Config/CoalescedSourceConfigs/EditorSettings.ini" 101
"../../../Engine/Config/BaseEditorLayout.ini" 102
"C:/Users/Adam/AppData/Local/UnrealEngine/4.10/Saved/Config/Windows/EditorLayout.ini" 103
"D:/Unreal Projects/Paper2d/Intermediate/Config/CoalescedSourceConfigs/EditorLayout.ini" 104
"../../../Engine/Config/BaseEditorKeyBindings.ini" 105
"C:/Users/Adam/AppData/Local/UnrealEngine/4.10/Saved/Config/Windows/EditorKeyBindings.ini" 106
"D:/Unreal Projects/Paper2d/Intermediate/Config/CoalescedSourceConfigs/EditorKeyBindings.ini" 107
"../../../Engine/Config/BaseCompat.ini" 108
"D:/Unreal Projects/Paper2d/Saved/Config/Windows/Compat.ini" 109
"D:/Unreal Projects/Paper2d/Intermediate/Config/CoalescedSourceConfigs/Compat.ini" 110
"../../../Engine/Config/BaseLightmass.ini" 111
"D:/Unreal Projects/Paper2d/Saved/Config/Windows/Lightmass.ini" 112
"D:/Unreal Projects/Paper2d/Intermediate/Config/CoalescedSourceConfigs/Lightmass.ini" 113
"../../../Engine/Config/BaseScalability.ini" 114
"D:/Unreal Projects/Paper2d/Saved/Config/Windows/Scalability.ini" 115
"D:/Unreal Projects/Paper2d/Intermediate/Config/CoalescedSourceConfigs/Scalability.ini" 116
"D:/Unreal Projects/Paper2d/Saved/Config/Windows/GameUserSettings.ini" 117
"D:/Unreal Projects/Paper2d/Intermediate/Config/CoalescedSourceConfigs/GameUserSettings.ini" 118
"../../../Engine/Config/BaseDeviceProfiles.ini" 119
"D:/Unreal Projects/Paper2d/Saved/Config/Windows/DeviceProfiles.ini" 120
"D:/Unreal Projects/Paper2d/Intermediate/Config/CoalescedSourceConfigs/DeviceProfiles.ini" 121
"../../../Engine/Config/ConsoleVariables.ini" 122
"..\..\..\Engine\Content\Internationalization\icudt53l\es.res" 123
"..\..\..\Engine\Content\Internationalization\icudt53l\ja.res" 124
"..\..\..\Engine\Content\Internationalization\icudt53l\ko.res" 125
"..\..\..\Engine\Content\Internationalization\icudt53l\pt_BR.res" 126
"..\..\..\Engine\Content\Internationalization\icudt53l\pt.res" 127
"..\..\..\Engine\Content\Internationalization\icudt53l\zh_CN.res" 128
"..\..\..\Engine\Content\Internationalization\icudt53l\zh_Hans_CN.res" 129
"..\..\..\Engine\Content\Internationalization\icudt53l\zh_Hans.res" 130
"..\..\..\Engine\Content\Internationalization\icudt53l\zh.res" 131
"A:/Epic Games/4.10/Engine/Content/Localization/Editor/en/Editor.locres" 132
"A:/Epic Games/4.10/Engine/Content/Localization/EditorTutorials/en/EditorTutorials.locres" 133
"A:/Epic Games/4.10/Engine/Content/Localization/Keywords/en/Keywords.locres" 134
"A:/Epic Games/4.10/Engine/Content/Localization/Category/en/Category.locres" 135
"A:/Epic Games/4.10/Engine/Content/Localization/ToolTips/en/ToolTips.locres" 136
"A:/Epic Games/4.10/Engine/Content/Localization/PropertyNames/en/PropertyNames.locres" 137
"A:/Epic Games/4.10/Engine/Content/Localization/Engine/en/Engine.locres" 138
"../../../Engine/Content/Slate/Fonts/Roboto-Regular.ttf" 139
"../../../Engine/Content/Slate/Fonts/DroidSansMono.ttf" 140
"../../../Engine/Content/Slate/Fonts/Roboto-Bold.ttf" 141
"../../../Engine/Content/Slate/Fonts/Roboto-Light.ttf" 142
"A:/Epic Games/4.10/Engine/Binaries/Win64/../../../Engine/Shaders/ParticleSpriteVertexFactory.usf" 143
"A:/Epic Games/4.10/Engine/Binaries/Win64/../../../Engine/Shaders/VertexFactoryCommon.usf" 144
"A:/Epic Games/4.10/Engine/Binaries/Win64/../../../Engine/Shaders/Common.usf" 145
"A:/Epic Games/4.10/Engine/Binaries/Win64/../../../Engine/Shaders/MetalCommon.usf" 146
"A:/Epic Games/4.10/Engine/Binaries/Win64/../../../Engine/Shaders/ShaderVersion.usf" 147
"A:/Epic Games/4.10/Engine/Binaries/Win64/../../../Engine/Shaders/CommonViewUniformBuffer.usf" 148
"A:/Epic Games/4.10/Engine/Binaries/Win64/../../../Engine/Shaders/Definitions.usf" 149
"A:/Epic Games/4.10/Engine/Binaries/Win64/../../../Engine/Shaders/Random.usf" 150
"A:/Epic Games/4.10/Engine/Binaries/Win64/../../../Engine/Shaders/ParticleVertexFactoryCommon.usf" 151
"A:/Epic Games/4.10/Engine/Binaries/Win64/../../../Engine/Shaders/ParticleGPUSpriteVertexFactory.usf" 152
"A:/Epic Games/4.10/Engine/Binaries/Win64/../../../Engine/Shaders/ParticleBeamTrailVertexFactory.usf" 153
"A:/Epic Games/4.10/Engine/Binaries/Win64/../../../Engine/Shaders/LocalVertexFactory.usf" 154
"A:/Epic Games/4.10/Engine/Binaries/Win64/../../../Engine/Shaders/LocalVertexFactoryCommon.usf" 155
"A:/Epic Games/4.10/Engine/Binaries/Win64/../../../Engine/Shaders/VectorFieldVisualizationVertexFactory.usf" 156
"A:/Epic Games/4.10/Engine/Binaries/Win64/../../../Engine/Shaders/MeshParticleVertexFactory.usf" 157
"A:/Epic Games/4.10/Engine/Binaries/Win64/../../../Engine/Shaders/GpuSkinVertexFactory.usf" 158
"A:/Epic Games/4.10/Engine/Binaries/Win64/../../../Engine/Shaders/GpuSkinCacheCommon.usf" 159
"A:/Epic Games/4.10/Engine/Binaries/Win64/../../../Engine/Shaders/LandscapeVertexFactory.usf" 160
"A:/Epic Games/4.10/Engine/Binaries/Win64/../../../Engine/Shaders/SlateElementPixelShader.usf" 161
"A:/Epic Games/4.10/Engine/Binaries/Win64/../../../Engine/Shaders/GammaCorrectionCommon.usf" 162
"A:/Epic Games/4.10/Engine/Binaries/Win64/../../../Engine/Shaders/MaterialTemplate.usf" 163
"A:/Epic Games/4.10/Engine/Binaries/Win64/../../../Engine/Shaders/DepthOfFieldCommon.usf" 164
"A:/Epic Games/4.10/Engine/Binaries/Win64/../../../Engine/Shaders/GlobalDistanceFieldShared.usf" 165
"A:/Epic Games/4.10/Engine/Binaries/Win64/../../../Engine/Shaders/SpeedTreeCommon.usf" 166
"A:/Epic Games/4.10/Engine/Binaries/Win64/../../../Engine/Shaders/AtmosphereCommon.usf" 167
"A:/Epic Games/4.10/Engine/Binaries/Win64/../../../Engine/Shaders/PaniniProjection.usf" 168
"A:/Epic Games/4.10/Engine/Binaries/Win64/../../../Engine/Shaders/EyeAdaptationCommon.usf" 169
"A:/Epic Games/4.10/Engine/Binaries/Win64/../../../Engine/Shaders/PostProcessCommon.usf" 170
"A:/Epic Games/4.10/Engine/Binaries/Win64/../../../Engine/Shaders/DeferredShadingCommon.usf" 171
"A:/Epic Games/4.10/Engine/Binaries/Win64/../../../Engine/Shaders/LightAccumulator.usf" 172
"A:/Epic Games/4.10/Engine/Binaries/Win64/../../../Engine/Shaders/SlateVertexShader.usf" 173
"A:/Epic Games/4.10/Engine/Binaries/Win64/../../../Engine/Shaders/ParticleSortKeyGen.usf" 174
"A:/Epic Games/4.10/Engine/Binaries/Win64/../../../Engine/Shaders/ParticleBoundsShader.usf" 175
"A:/Epic Games/4.10/Engine/Binaries/Win64/../../../Engine/Shaders/ParticleSimVisualizeShader.usf" 176
"A:/Epic Games/4.10/Engine/Binaries/Win64/../../../Engine/Shaders/ParticleInjectionShader.usf" 177
"A:/Epic Games/4.10/Engine/Binaries/Win64/../../../Engine/Shaders/ParticleSimulationShader.usf" 178
"A:/Epic Games/4.10/Engine/Binaries/Win64/../../../Engine/Shaders/ParticleCurveInjectionShader.usf" 179
"A:/Epic Games/4.10/Engine/Binaries/Win64/../../../Engine/Shaders/VectorFieldCompositeShaders.usf" 180
"A:/Epic Games/4.10/Engine/Binaries/Win64/../../../Engine/Shaders/UpdateTextureShaders.usf" 181
"A:/Epic Games/4.10/Engine/Binaries/Win64/../../../Engine/Shaders/SimpleElementColorChannelMaskPixelShader.usf" 182
"A:/Epic Games/4.10/Engine/Binaries/Win64/../../../Engine/Shaders/SimpleElementPixelShader.usf" 183
"A:/Epic Games/4.10/Engine/Binaries/Win64/../../../Engine/Shaders/ColorUtils.usf" 184
"A:/Epic Games/4.10/Engine/Binaries/Win64/../../../Engine/Shaders/IESLightProfilesCommon.usf" 185
"A:/Epic Games/4.10/Engine/Binaries/Win64/../../../Engine/Shaders/SimpleElementHitProxyPixelShader.usf" 186
"A:/Epic Games/4.10/Engine/Binaries/Win64/../../../Engine/Shaders/SimpleElementVertexShader.usf" 187
"A:/Epic Games/4.10/Engine/Binaries/Win64/../../../Engine/Shaders/ScreenVertexShader.usf" 188
"A:/Epic Games/4.10/Engine/Binaries/Win64/../../../Engine/Shaders/ScreenPixelShader.usf" 189
"A:/Epic Games/4.10/Engine/Binaries/Win64/../../../Engine/Shaders/RadixSortShaders.usf" 190
"A:/Epic Games/4.10/Engine/Binaries/Win64/../../../Engine/Shaders/GpuSkinCacheComputeShader.usf" 191
"A:/Epic Games/4.10/Engine/Binaries/Win64/../../../Engine/Shaders/NullPixelShader.usf" 192
"A:/Epic Games/4.10/Engine/Binaries/Win64/../../../Engine/Shaders/LandscapeGrassWeight.usf" 193
"A:/Epic Games/4.10/Engine/Binaries/Win64/../../../Engine/Shaders/VisualizeTexture.usf" 194
"A:/Epic Games/4.10/Engine/Binaries/Win64/../../../Engine/Shaders/ScreenSpaceReflections.usf" 195
"A:/Epic Games/4.10/Engine/Binaries/Win64/../../../Engine/Shaders/BRDF.usf" 196
"A:/Epic Games/4.10/Engine/Binaries/Win64/../../../Engine/Shaders/MonteCarlo.usf" 197
"A:/Epic Games/4.10/Engine/Binaries/Win64/../../../Engine/Shaders/ScreenSpaceRayCast.usf" 198
"A:/Epic Games/4.10/Engine/Binaries/Win64/../../../Engine/Shaders/FilterVertexShader.usf" 199
"A:/Epic Games/4.10/Engine/Binaries/Win64/../../../Engine/Shaders/FilterPixelShader.usf" 200
"A:/Epic Games/4.10/Engine/Binaries/Win64/../../../Engine/Shaders/PostProcessVisualizeHDR.usf" 201
"A:/Epic Games/4.10/Engine/Binaries/Win64/../../../Engine/Shaders/PostProcessHistogramCommon.usf" 202
"A:/Epic Games/4.10/Engine/Binaries/Win64/../../../Engine/Shaders/TonemapCommon.usf" 203
"A:/Epic Games/4.10/Engine/Binaries/Win64/../../../Engine/Shaders/ACES.usf" 204
"A:/Epic Games/4.10/Engine/Binaries/Win64/../../../Engine/Shaders/MiniFontCommon.usf" 205
"A:/Epic Games/4.10/Engine/Binaries/Win64/../../../Engine/Shaders/PostProcessVisualizeBuffer.usf" 206
"A:/Epic Games/4.10/Engine/Binaries/Win64/../../../Engine/Shaders/PostProcessUpscale.usf" 207
"A:/Epic Games/4.10/Engine/Binaries/Win64/../../../Engine/Shaders/PostProcessTonemap.usf" 208
"A:/Epic Games/4.10/Engine/Binaries/Win64/../../../Engine/Shaders/PostProcessTestImage.usf" 209
"A:/Epic Games/4.10/Engine/Binaries/Win64/../../../Engine/Shaders/PostProcessTemporalAA.usf" 210
"A:/Epic Games/4.10/Engine/Binaries/Win64/../../../Engine/Shaders/PostProcessTemporalCommon.usf" 211
"A:/Epic Games/4.10/Engine/Binaries/Win64/../../../Engine/Shaders/PostProcessSubsurface.usf" 212
"A:/Epic Games/4.10/Engine/Binaries/Win64/../../../Engine/Shaders/SeparableSSS.usf" 213
"A:/Epic Games/4.10/Engine/Binaries/Win64/../../../Engine/Shaders/PostProcessSelectionOutline.usf" 214
"A:/Epic Games/4.10/Engine/Binaries/Win64/../../../Engine/Shaders/PostProcessSceneColorFringe.usf" 215
"A:/Epic Games/4.10/Engine/Binaries/Win64/../../../Engine/Shaders/PostProcessNoiseBlur.usf" 216
"A:/Epic Games/4.10/Engine/Binaries/Win64/../../../Engine/Shaders/PostProcessMotionBlur.usf" 217
"A:/Epic Games/4.10/Engine/Binaries/Win64/../../../Engine/Shaders/FastMath.usf" 218
"A:/Epic Games/4.10/Engine/Binaries/Win64/../../../Engine/Shaders/PostProcessVelocityFlatten.usf" 219
"A:/Epic Games/4.10/Engine/Binaries/Win64/../../../Engine/Shaders/PostProcessMobile.usf" 220
"A:/Epic Games/4.10/Engine/Binaries/Win64/../../../Engine/Shaders/PostProcessMaterialShaders.usf" 221
"A:/Epic Games/4.10/Engine/Binaries/Win64/../../../Engine/Shaders/PostProcessLensFlares.usf" 222
"A:/Epic Games/4.10/Engine/Binaries/Win64/../../../Engine/Shaders/PostProcessLensBlur.usf" 223
"A:/Epic Games/4.10/Engine/Binaries/Win64/../../../Engine/Shaders/PostProcessBloom.usf" 224
"A:/Epic Games/4.10/Engine/Binaries/Win64/../../../Engine/Shaders/PostProcessHMD.usf" 225
"A:/Epic Games/4.10/Engine/Binaries/Win64/../../../Engine/Shaders/PostProcessHistogramReduce.usf" 226
"A:/Epic Games/4.10/Engine/Binaries/Win64/../../../Engine/Shaders/PostProcessHistogram.usf" 227
"A:/Epic Games/4.10/Engine/Binaries/Win64/../../../Engine/Shaders/PostProcessHierarchical.usf" 228
"A:/Epic Games/4.10/Engine/Binaries/Win64/../../../Engine/Shaders/PostProcessGBufferHints.usf" 229
"A:/Epic Games/4.10/Engine/Binaries/Win64/../../../Engine/Shaders/PostProcessEyeAdaptation.usf" 230
"A:/Epic Games/4.10/Engine/Binaries/Win64/../../../Engine/Shaders/PostProcessDownsample.usf" 231
"A:/Epic Games/4.10/Engine/Binaries/Win64/../../../Engine/Shaders/PostProcessDOF.usf" 232
"A:/Epic Games/4.10/Engine/Binaries/Win64/../../../Engine/Shaders/PostProcessCompositeEditorPrimitives.usf" 233
"A:/Epic Games/4.10/Engine/Binaries/Win64/../../../Engine/Shaders/PostProcessCombineLUTs.usf" 234
"A:/Epic Games/4.10/Engine/Binaries/Win64/../../../Engine/Shaders/PostProcessCircleDOF.usf" 235
"A:/Epic Games/4.10/Engine/Binaries/Win64/../../../Engine/Shaders/CircleDOFCommon.usf" 236
"A:/Epic Games/4.10/Engine/Binaries/Win64/../../../Engine/Shaders/PostProcessBusyWait.usf" 237
"A:/Epic Games/4.10/Engine/Binaries/Win64/../../../Engine/Shaders/PostProcessBokehDOF.usf" 238
"A:/Epic Games/4.10/Engine/Binaries/Win64/../../../Engine/Shaders/PostProcessVisualizeDOF.usf" 239
"A:/Epic Games/4.10/Engine/Binaries/Win64/../../../Engine/Shaders/FXAAShader.usf" 240
"A:/Epic Games/4.10/Engine/Binaries/Win64/../../../Engine/Shaders/Fxaa3_11.usf" 241
"A:/Epic Games/4.10/Engine/Binaries/Win64/../../../Engine/Shaders/PostProcessPassThrough.usf" 242
"A:/Epic Games/4.10/Engine/Binaries/Win64/../../../Engine/Shaders/PostProcessLpvIndirect.usf" 243
"A:/Epic Games/4.10/Engine/Binaries/Win64/../../../Engine/Shaders/DeferredLightingCommon.usf" 244
"A:/Epic Games/4.10/Engine/Binaries/Win64/../../../Engine/Shaders/DynamicLightingCommon.usf" 245
"A:/Epic Games/4.10/Engine/Binaries/Win64/../../../Engine/Shaders/ShadingModels.usf" 246
"A:/Epic Games/4.10/Engine/Binaries/Win64/../../../Engine/Shaders/LPVFinalPass.usf" 247
"A:/Epic Games/4.10/Engine/Binaries/Win64/../../../Engine/Shaders/LPVCommon.usf" 248
"A:/Epic Games/4.10/Engine/Binaries/Win64/../../../Engine/Shaders/DeferredDecal.usf" 249
"A:/Epic Games/4.10/Engine/Binaries/Win64/../../../Engine/Shaders/PostProcessAmbientOcclusion.usf" 250
"A:/Epic Games/4.10/Engine/Binaries/Win64/../../../Engine/Shaders/PostProcessAmbient.usf" 251
"A:/Epic Games/4.10/Engine/Binaries/Win64/../../../Engine/Shaders/CubemapCommon.usf" 252
"A:/Epic Games/4.10/Engine/Binaries/Win64/../../../Engine/Shaders/VelocityShader.usf" 253
"A:/Epic Games/4.10/Engine/Binaries/Win64/../../../Engine/Shaders/VelocityCommon.usf" 254
"A:/Epic Games/4.10/Engine/Binaries/Win64/../../../Engine/Shaders/Tessellation.usf" 255
"A:/Epic Games/4.10/Engine/Binaries/Win64/../../../Engine/Shaders/FlatTessellation.usf" 256
"A:/Epic Games/4.10/Engine/Binaries/Win64/../../../Engine/Shaders/PNTriangles.usf" 257
"A:/Epic Games/4.10/Engine/Binaries/Win64/../../../Engine/Shaders/TranslucentLightingShaders.usf" 258
"A:/Epic Games/4.10/Engine/Binaries/Win64/../../../Engine/Shaders/SHCommon.usf" 259
"A:/Epic Games/4.10/Engine/Binaries/Win64/../../../Engine/Shaders/ShadowProjectionCommon.usf" 260
"A:/Epic Games/4.10/Engine/Binaries/Win64/../../../Engine/Shaders/TranslucentLightInjectionShaders.usf" 261
"A:/Epic Games/4.10/Engine/Binaries/Win64/../../../Engine/Shaders/LightFunctionCommon.usf" 262
"A:/Epic Games/4.10/Engine/Binaries/Win64/../../../Engine/Shaders/TranslucentShadowDepthShaders.usf" 263
"A:/Epic Games/4.10/Engine/Binaries/Win64/../../../Engine/Shaders/ShadowDepthCommon.usf" 264
"A:/Epic Games/4.10/Engine/Binaries/Win64/../../../Engine/Shaders/TiledDeferredLightShaders.usf" 265
"A:/Epic Games/4.10/Engine/Binaries/Win64/../../../Engine/Shaders/SurfelTree.usf" 266
"A:/Epic Games/4.10/Engine/Binaries/Win64/../../../Engine/Shaders/DistanceFieldLightingShared.usf" 267
"A:/Epic Games/4.10/Engine/Binaries/Win64/../../../Engine/Shaders/SurfelMaterialShared.usf" 268
"A:/Epic Games/4.10/Engine/Binaries/Win64/../../../Engine/Shaders/DistanceFieldAOShared.usf" 269
"A:/Epic Games/4.10/Engine/Binaries/Win64/../../../Engine/Shaders/ShadowProjectionPixelShader.usf" 270
"A:/Epic Games/4.10/Engine/Binaries/Win64/../../../Engine/Shaders/ShadowFilteringCommon.usf" 271
"A:/Epic Games/4.10/Engine/Binaries/Win64/../../../Engine/Shaders/ShadowProjectionVertexShader.usf" 272
"A:/Epic Games/4.10/Engine/Binaries/Win64/../../../Engine/Shaders/ShadowDepthPixelShader.usf" 273
"A:/Epic Games/4.10/Engine/Binaries/Win64/../../../Engine/Shaders/LPVWriteVplCommon.usf" 274
"A:/Epic Games/4.10/Engine/Binaries/Win64/../../../Engine/Shaders/LPVWriteCommon.usf" 275
"A:/Epic Games/4.10/Engine/Binaries/Win64/../../../Engine/Shaders/ShadowDepthVertexShader.usf" 276
"A:/Epic Games/4.10/Engine/Binaries/Win64/../../../Engine/Shaders/ShaderComplexityApplyPixelShader.usf" 277
"A:/Epic Games/4.10/Engine/Binaries/Win64/../../../Engine/Shaders/ShaderComplexityApplyVertexShader.usf" 278
"A:/Epic Games/4.10/Engine/Binaries/Win64/../../../Engine/Shaders/ShaderComplexityAccumulatePixelShader.usf" 279
"A:/Epic Games/4.10/Engine/Binaries/Win64/../../../Engine/Shaders/HZBOcclusion.usf" 280
"A:/Epic Games/4.10/Engine/Binaries/Win64/../../../Engine/Shaders/OcclusionQueryVertexShader.usf" 281
"A:/Epic Games/4.10/Engine/Binaries/Win64/../../../Engine/Shaders/HitProxyPixelShader.usf" 282
"A:/Epic Games/4.10/Engine/Binaries/Win64/../../../Engine/Shaders/HitProxyVertexShader.usf" 283
"A:/Epic Games/4.10/Engine/Binaries/Win64/../../../Engine/Shaders/ReflectionEnvironmentShaders.usf" 284
"A:/Epic Games/4.10/Engine/Binaries/Win64/../../../Engine/Shaders/ReflectionEnvironmentShared.usf" 285
"A:/Epic Games/4.10/Engine/Binaries/Win64/../../../Engine/Shaders/SkyLightingShared.usf" 286
"A:/Epic Games/4.10/Engine/Binaries/Win64/../../../Engine/Shaders/ReflectionEnvironmentComputeShaders.usf" 287
"A:/Epic Games/4.10/Engine/Binaries/Win64/../../../Engine/Shaders/LightShaftShader.usf" 288
"A:/Epic Games/4.10/Engine/Binaries/Win64/../../../Engine/Shaders/StationaryLightOverlapShaders.usf" 289
"A:/Epic Games/4.10/Engine/Binaries/Win64/../../../Engine/Shaders/DeferredLightPixelShaders.usf" 290
"A:/Epic Games/4.10/Engine/Binaries/Win64/../../../Engine/Shaders/DeferredLightVertexShaders.usf" 291
"A:/Epic Games/4.10/Engine/Binaries/Win64/../../../Engine/Shaders/LPVVisualise.usf" 292
"A:/Epic Games/4.10/Engine/Binaries/Win64/../../../Engine/Shaders/LPVGeometryVolumeCommon.usf" 293
"A:/Epic Games/4.10/Engine/Binaries/Win64/../../../Engine/Shaders/LPVDirectLightInject.usf" 294
"A:/Epic Games/4.10/Engine/Binaries/Win64/../../../Engine/Shaders/LPVPropagate.usf" 295
"A:/Epic Games/4.10/Engine/Binaries/Win64/../../../Engine/Shaders/LPVPacking.usf" 296
"A:/Epic Games/4.10/Engine/Binaries/Win64/../../../Engine/Shaders/LPVBuildGeometryVolume.usf" 297
"A:/Epic Games/4.10/Engine/Binaries/Win64/../../../Engine/Shaders/LpvDirectionalOcclusion.usf" 298
"A:/Epic Games/4.10/Engine/Binaries/Win64/../../../Engine/Shaders/LPVInject_AccumulateVplLists.usf" 299
"A:/Epic Games/4.10/Engine/Binaries/Win64/../../../Engine/Shaders/LPVInject_GenerateVplLists.usf" 300
"A:/Epic Games/4.10/Engine/Binaries/Win64/../../../Engine/Shaders/LPVClearLists.usf" 301
"A:/Epic Games/4.10/Engine/Binaries/Win64/../../../Engine/Shaders/LPVClear.usf" 302
"A:/Epic Games/4.10/Engine/Binaries/Win64/../../../Engine/Shaders/LightMapDensityShader.usf" 303
"A:/Epic Games/4.10/Engine/Binaries/Win64/../../../Engine/Shaders/LightFunctionPixelShader.usf" 304
"A:/Epic Games/4.10/Engine/Binaries/Win64/../../../Engine/Shaders/LightFunctionVertexShader.usf" 305
"A:/Epic Games/4.10/Engine/Binaries/Win64/../../../Engine/Shaders/HeightfieldLighting.usf" 306
"A:/Epic Games/4.10/Engine/Binaries/Win64/../../../Engine/Shaders/DistanceFieldShadowingShared.usf" 307
"A:/Epic Games/4.10/Engine/Binaries/Win64/../../../Engine/Shaders/HdrCustomResolveShaders.usf" 308
"A:/Epic Games/4.10/Engine/Binaries/Win64/../../../Engine/Shaders/GPUBenchmark.usf" 309
"A:/Epic Games/4.10/Engine/Binaries/Win64/../../../Engine/Shaders/GlobalDistanceField.usf" 310
"A:/Epic Games/4.10/Engine/Binaries/Win64/../../../Engine/Shaders/GammaCorrection.usf" 311
"A:/Epic Games/4.10/Engine/Binaries/Win64/../../../Engine/Shaders/BasePassForForwardShadingPixelShader.usf" 312
"A:/Epic Games/4.10/Engine/Binaries/Win64/../../../Engine/Shaders/BasePassForForwardShadingCommon.usf" 313
"A:/Epic Games/4.10/Engine/Binaries/Win64/../../../Engine/Shaders/LightmapCommon.usf" 314
"A:/Epic Games/4.10/Engine/Binaries/Win64/../../../Engine/Shaders/BasePassForForwardShadingVertexShader.usf" 315
"A:/Epic Games/4.10/Engine/Binaries/Win64/../../../Engine/Shaders/HeightFogCommon.usf" 316
"A:/Epic Games/4.10/Engine/Binaries/Win64/../../../Engine/Shaders/HeightFogPixelShader.usf" 317
"A:/Epic Games/4.10/Engine/Binaries/Win64/../../../Engine/Shaders/HeightFogVertexShader.usf" 318
"A:/Epic Games/4.10/Engine/Binaries/Win64/../../../Engine/Shaders/DistortAccumulatePS.usf" 319
"A:/Epic Games/4.10/Engine/Binaries/Win64/../../../Engine/Shaders/DistortAccumulateVS.usf" 320
"A:/Epic Games/4.10/Engine/Binaries/Win64/../../../Engine/Shaders/DistortApplyScreenPS.usf" 321
"A:/Epic Games/4.10/Engine/Binaries/Win64/../../../Engine/Shaders/DistanceFieldSurfaceCacheLighting.usf" 322
"A:/Epic Games/4.10/Engine/Binaries/Win64/../../../Engine/Shaders/SkyLighting.usf" 323
"A:/Epic Games/4.10/Engine/Binaries/Win64/../../../Engine/Shaders/DistanceFieldSurfaceCacheLightingCompute.usf" 324
"A:/Epic Games/4.10/Engine/Binaries/Win64/../../../Engine/Shaders/DistanceFieldShadowing.usf" 325
"A:/Epic Games/4.10/Engine/Binaries/Win64/../../../Engine/Shaders/DistanceFieldScreenGridLighting.usf" 326
"A:/Epic Games/4.10/Engine/Binaries/Win64/../../../Engine/Shaders/DistanceFieldLightingPost.usf" 327
"A:/Epic Games/4.10/Engine/Binaries/Win64/../../../Engine/Shaders/DistanceFieldGlobalIllumination.usf" 328
"A:/Epic Games/4.10/Engine/Binaries/Win64/../../../Engine/Shaders/DepthOnlyPixelShader.usf" 329
"A:/Epic Games/4.10/Engine/Binaries/Win64/../../../Engine/Shaders/DepthOnlyVertexShader.usf" 330
"A:/Epic Games/4.10/Engine/Binaries/Win64/../../../Engine/Shaders/PositionOnlyDepthVertexShader.usf" 331
"A:/Epic Games/4.10/Engine/Binaries/Win64/../../../Engine/Shaders/DownsampleDepthPixelShader.usf" 332
"A:/Epic Games/4.10/Engine/Binaries/Win64/../../../Engine/Shaders/EvaluateSurfelMaterial.usf" 333
"A:/Epic Games/4.10/Engine/Binaries/Win64/../../../Engine/Shaders/ConvertToUniformMesh.usf" 334
"A:/Epic Games/4.10/Engine/Binaries/Win64/../../../Engine/Shaders/BasePassPixelShader.usf" 335
"A:/Epic Games/4.10/Engine/Binaries/Win64/../../../Engine/Shaders/BasePassCommon.usf" 336
"A:/Epic Games/4.10/Engine/Binaries/Win64/../../../Engine/Shaders/ForEachLight.usf" 337
"A:/Epic Games/4.10/Engine/Binaries/Win64/../../../Engine/Shaders/BasePassVertexShader.usf" 338
"A:/Epic Games/4.10/Engine/Binaries/Win64/../../../Engine/Shaders/BasePassVertexCommon.usf" 339
"A:/Epic Games/4.10/Engine/Binaries/Win64/../../../Engine/Shaders/BasePassTessellationShaders.usf" 340
"A:/Epic Games/4.10/Engine/Binaries/Win64/../../../Engine/Shaders/AtmospherePrecompute.usf" 341
"A:/Epic Games/4.10/Engine/Binaries/Win64/../../../Engine/Shaders/AtmospherePrecomputeCommon.usf" 342
"A:/Epic Games/4.10/Engine/Binaries/Win64/../../../Engine/Shaders/AtmospherePrecomputeInscatter.usf" 343
"A:/Epic Games/4.10/Engine/Binaries/Win64/../../../Engine/Shaders/AtmosphericFogShader.usf" 344
"A:/Epic Games/4.10/Engine/Binaries/Win64/../../../Engine/Shaders/ResolveVertexShader.usf" 345
"A:/Epic Games/4.10/Engine/Binaries/Win64/../../../Engine/Shaders/ResolvePixelShader.usf" 346
"A:/Epic Games/4.10/Engine/Binaries/Win64/../../../Engine/Shaders/OneColorShader.usf" 347
"A:/Epic Games/4.10/Engine/Binaries/Win64/../../../Engine/Shaders/MediaShaders.usf" 348
"A:/Epic Games/4.10/Engine/Binaries/Win64/../../../Engine/Shaders/ClearReplacementShaders.usf" 349
"A:/Epic Games/4.10/Engine/Binaries/Win64/../../../Engine/Shaders/SimpleElementTexture2DPreviewPixelShader.usf" 350
"A:/Epic Games/4.10/Engine/Binaries/Win64/../../../Engine/Shaders/SimpleElementNormalMapPixelShader.usf" 351
"A:/Epic Games/4.10/Engine/Binaries/Win64/../../../Engine/Shaders/meshpaintdilatepixelshader.usf" 352
"A:/Epic Games/4.10/Engine/Binaries/Win64/../../../Engine/Shaders/meshpaintdilatevertexshader.usf" 353
"A:/Epic Games/4.10/Engine/Binaries/Win64/../../../Engine/Shaders/MeshPaintPixelShader.usf" 354
"A:/Epic Games/4.10/Engine/Binaries/Win64/../../../Engine/Shaders/MeshPaintVertexShader.usf" 355
"../../../Engine/Config/Android/AndroidEngine.ini" 356
"../../../Engine/Config/IOS/IOSEngine.ini" 357
"../../../Engine/Config/Linux/LinuxEngine.ini" 358
"C:/Users/Adam/AppData/Local/UnrealEngine/4.10/DerivedDataCache/Boot.ddc" 359
"../../../Engine/DerivedDataCache/Compressed.ddp" 360
"../../../Engine/Content/EngineFonts/Roboto.uasset" 361
"../../../Engine/Content/EngineMaterials/Widget3DPassThrough_Translucent.uasset" 362
"../../../Engine/Content/EngineMaterials/Widget3DPassThrough.uasset" 363
"../../../Engine/Content/Functions/Engine_MaterialFunctions02/Texturing/ScreenAlignedUVs.uasset" 364
"../../../Engine/Content/EngineResources/WhiteSquareTexture.uasset" 365
"../../../Engine/Content/Functions/Engine_MaterialFunctions01/Shading/PowerToRoughness.uasset" 366
"../../../Engine/Content/Functions/Engine_MaterialFunctions01/Shading/ConvertFromDiffSpec.uasset" 367
"../../../Engine/Content/EngineMaterials/WorldGridMaterial.uasset" 368
"../../../Engine/Content/Functions/Engine_MaterialFunctions01/Opacity/CameraDepthFade.uasset" 369
"../../../Engine/Content/EngineMaterials/T_Default_Material_Grid_M.uasset" 370
"../../../Engine/Content/EngineMaterials/T_Default_Material_Grid_N.uasset" 371
"../../../Engine/Content/EngineMaterials/DefaultDeferredDecalMaterial.uasset" 372
"../../../Engine/Content/EngineMaterials/DefaultDiffuse.uasset" 373
"../../../Engine/Content/EngineMaterials/DefaultLightFunctionMaterial.uasset" 374
"../../../Engine/Content/EngineMaterials/DefaultPostProcessMaterial.uasset" 375
"../../../Engine/Content/Functions/Engine_MaterialFunctions02/Utility/BreakOutFloat2Components.uasset" 376
"../../../Engine/Content/EngineResources/DefaultTexture.uasset" 377
"../../../Engine/Content/EngineMaterials/Widget3DPassThrough_Translucent_OneSided.uasset" 378
"../../../Engine/Content/EngineMaterials/Widget3DPassThrough_Opaque.uasset" 379
"../../../Engine/Content/EngineMaterials/Widget3DPassThrough_Opaque_OneSided.uasset" 380
"../../../Engine/Content/EngineMaterials/Widget3DPassThrough_Masked.uasset" 381
"../../../Engine/Content/EngineMaterials/Widget3DPassThrough_Masked_OneSided.uasset" 382
"../../../Engine/Content/EditorResources/S_Actor.uasset" 383
"D:/Unreal Projects/Paper2d/Saved/Config/Windows/TemplateDefs.ini" 384
"D:/Unreal Projects/Paper2d/Intermediate/Config/CoalescedSourceConfigs/TemplateDefs.ini" 385
"D:/Unreal Projects/Paper2d/Saved/Config/Windows/GameplayTags.ini" 386
"D:/Unreal Projects/Paper2d/Intermediate/Config/CoalescedSourceConfigs/GameplayTags.ini" 387
"../../../Engine/Content/Maps/Templates/Thumbnails/Default.uasset" 388
"../../../Engine/Content/EditorMaterials/ParticleSystems/PSysThumbnail_NoImage.uasset" 389
"../../../Engine/Content/EditorMaterials/ParticleSystems/PSysThumbnail_OOD.uasset" 390
"../../../Engine/Content/EditorLandscapeResources/DataLayer.uasset" 391
"../../../Engine/Content/EngineDamageTypes/DmgTypeBP_Environmental.uasset" 392
"..\..\..\Engine\Content\Internationalization\icudt53l\numberingSystems.res" 393
"..\..\..\Engine\Content\Internationalization\icudt53l\curr\supplementalData.res" 394
"..\..\..\Engine\Content\Internationalization\icudt53l\curr\pool.res" 395
"..\..\..\Engine\Content\Internationalization\icudt53l\curr\en.res" 396
"..\..\..\Engine\Content\Internationalization\icudt53l\curr\root.res" 397
"../../../Engine/Content/EngineMeshes/Sphere.uasset" 398
"../../../Engine/Content/EngineFonts/RobotoDistanceField.uasset" 399
"../../../Engine/Content/EngineMaterials/DefaultTextMaterialOpaque.uasset" 400
"../../../Engine/Content/EditorResources/S_Trigger.uasset" 401
"../../../Engine/Content/EngineResources/GradientTexture0.uasset" 402
"../../../Engine/Content/EngineResources/Black.uasset" 403
"../../../Engine/Content/EditorMaterials/MatineeGroups/MAT_Groups_Float.uasset" 404
"../../../Engine/Content/EditorMaterials/MatineeGroups/MAT_Groups_Director.uasset" 405
"../../../Engine/Content/EditorMaterials/MatineeGroups/MAT_Groups_Event.uasset" 406
"../../../Engine/Content/EditorMaterials/MatineeGroups/MAT_Groups_Anim.uasset" 407
"../../../Engine/Content/EditorMaterials/MatineeGroups/MAT_Groups_Fade.uasset" 408
"../../../Engine/Content/EditorMaterials/MatineeGroups/MAT_Groups_Move.uasset" 409
"../../../Engine/Content/EditorMaterials/MatineeGroups/MAT_Groups_Slomo.uasset" 410
"../../../Engine/Content/EditorMaterials/MatineeGroups/MAT_ColorTrack.uasset" 411
"../../../Engine/Content/EditorMaterials/MAT_Groups_Toggle.uasset" 412
"../../../Engine/Content/EditorMaterials/MatineeGroups/MAT_Groups_AudioMaster.uasset" 413
"../../../Engine/Content/EditorMaterials/MatineeGroups/MAT_Groups_Sound.uasset" 414
"../../../Engine/Content/EditorMaterials/MatineeGroups/MAT_Groups_Vector.uasset" 415
"../../../Engine/Content/EditorMaterials/MAT_Groups_Visibility.uasset" 416
"../../../Engine/Content/EngineResources/DefaultTextureCube.uasset" 417
"../../../Engine/Content/EngineSounds/Master.uasset" 418
"../../../Engine/Content/EngineSounds/Music.uasset" 419
"../../../Engine/Content/EngineSounds/SFX.uasset" 420
"../../../Engine/Content/EngineSounds/Normal_Attack.uasset" 421
"../../../Engine/Content/EngineSounds/Special_Attack_PSM.uasset" 422
"../../../Engine/Content/EngineSounds/Duck_Normal_Attack_MixMod.uasset" 423
"../../../Engine/Content/EngineSounds/Voice.uasset" 424
"../../../Engine/Content/EngineMeshes/Cylinder.uasset" 425
"../../../Engine/Content/EngineMaterials/DefaultMaterial.uasset" 426
"../../../Engine/Content/EngineTireTypes/DefaultTireType.uasset" 427
"../../../Engine/Content/Editor/Slate/Fonts/FontAwesome.ttf" 428
"../../../Engine/Content/Editor/Slate/Fonts/DroidSansMono.ttf" 429
"../../../Engine/Content/Editor/Slate/Fonts/Roboto-BoldCondensed.ttf" 430
"../../../Engine/Content/Editor/Slate/Fonts/Roboto-Black.ttf" 431
"../../../Engine/Content/Editor/Slate/Fonts/Roboto-Italic.ttf" 432
"../../../Engine/Content/Editor/Slate/Fonts/Roboto-BoldCondensedItalic.ttf" 433
"..\..\..\Engine\Content\Internationalization\icudt53l\coll\ucadata.icu" 434
"..\..\..\Engine\Content\Internationalization\icudt53l\nfc.nrm" 435
"..\..\..\Engine\Content\Internationalization\icudt53l\coll\en_US.res" 436
"..\..\..\Engine\Content\Internationalization\icudt53l\coll\en.res" 437
"..\..\..\Engine\Content\Internationalization\icudt53l\coll\root.res" 438
"../../../Engine/Content/EngineResources/AICON-Red.uasset" 439
"../../../Engine/Content/EngineResources/AICON-Green.uasset" 440
"../../../Engine/Content/Tutorial/Basics/LevelEditorOverview.uasset" 441
"../../../Engine/Content/Tutorial/Basics/TutorialAssets/icon_tab_Levels_40x.uasset" 442
"../../../Engine/Content/Tutorial/Basics/LevelEditorAttract.uasset" 443
"../../../Engine/Content/Tutorial/ContentIntroCurve.uasset" 444
"../../../Engine/Plugins/2D/Paper2D/Content/MaskedUnlitSpriteMaterial.uasset" 445
"../../../Engine/Plugins/2D/Paper2D/Content/DefaultSpriteMaterial.uasset" 446
"../../../Engine/Plugins/2D/Paper2D/Content/PlaceholderTextures/DummySpriteTexture.uasset" 447
"../../../Engine/Plugins/2D/Paper2D/Content/OpaqueUnlitSpriteMaterial.uasset" 448
"../../../Engine/Plugins/2D/Paper2D/Content/DefaultPaperTerrainMaterial.uasset" 449
"../../../Engine/Plugins/2D/Paper2D/Content/DummySprite.uasset" 450
"../../../Engine/Plugins/2D/Paper2D/Content/DummySpriteTexture.uasset" 451
"C:/Users/Adam/AppData/Local/UnrealEngine/4.10/Saved/Config/Windows/SourceControlSettings.ini" 452
"D:/Unreal Projects/Paper2d/Intermediate/Config/CoalescedSourceConfigs/SourceControlSettings.ini" 453
"D:/Unreal Projects/Paper2d/Saved/Config/Windows/SourceControlSettings.ini" 454
"../../../Engine/Plugins/Runtime/LeapMotionController/Content/LM_CapsuleMesh.uasset" 455
"../../../Engine/Plugins/Runtime/LeapMotionController/Content/LM_TorusMesh.uasset" 456
"../../../Engine/Plugins/Runtime/LeapMotionController/Content/LM_HandColor.uasset" 457
"../../../Engine/Plugins/Runtime/LeapMotionController/Content/LM_PassthroughMaterial.uasset" 458
"../../../Engine/Plugins/Runtime/LeapMotionController/Content/LM_SampleDistortion.uasset" 459
"../../../Engine/Plugins/Runtime/LeapMotionController/Content/LM_TestTexture.uasset" 460
"../../../Engine/Content/BasicShapes/Cube.uasset" 461
"../../../Engine/Content/EngineMaterials/RemoveSurfaceMaterial.uasset" 462
"../../../Engine/Content/EngineDebugMaterials/DebugMeshMaterial.uasset" 463
"../../../Engine/Content/EngineMaterials/M_InvalidLightmapSettings.uasset" 464
"../../../Engine/Content/EngineMaterials/InvalidLightmapSettings.uasset" 465
"../../../Engine/Content/EditorMaterials/GizmoMaterial.uasset" 466
"../../../Engine/Content/EngineMaterials/Good64x64TilingNoiseHighFreq.uasset" 467
"../../../Engine/Content/EngineMaterials/DefaultBokeh.uasset" 468
"../../../Engine/Content/EngineMaterials/PreintegratedSkinBRDF.uasset" 469
"../../../Engine/Content/EngineMaterials/MiniFont.uasset" 470
"../../../Engine/Content/EngineMaterials/WeightMapPlaceholderTexture.uasset" 471
"../../../Engine/Content/EngineMaterials/DefaultWhiteGrid.uasset" 472
"../../../Engine/Content/EngineMaterials/DefaultPhysicalMaterial.uasset" 473
"../../../Engine/Content/EngineFonts/RobotoTiny.uasset" 474
"D:/Unreal Projects/Paper2d/Intermediate/CachedAssetRegistry.bin" 475
"D:/Unreal Projects/Paper2d/Content/2DSideScrollerBP/Blueprints/2DSideScrollerCharacter.uasset" 476
"D:/Unreal Projects/Paper2d/Content/2DSideScrollerBP/Blueprints/2DSideScrollerGameMode.uasset" 477
"D:/Unreal Projects/Paper2d/Content/Blueprint/2DSideScrollerCharacter.uasset" 478
"D:/Unreal Projects/Paper2d/Content/Blueprint/BP_Character.uasset" 479
"D:/Unreal Projects/Paper2d/Content/Maps/Level_00.umap" 480
"D:/Unreal Projects/Paper2d/Content/Maps/NewWorld.uasset" 481
"D:/Unreal Projects/Paper2d/Content/Sprites/Character/A_Jump.uasset" 482
"D:/Unreal Projects/Paper2d/Content/Sprites/Character/A_Run.uasset" 483
"D:/Unreal Projects/Paper2d/Content/Sprites/Character/A_Stance.uasset" 484
"D:/Unreal Projects/Paper2d/Content/Sprites/Character/Character.uasset" 485
"D:/Unreal Projects/Paper2d/Content/Sprites/Character/Character_Sprite_0.uasset" 486
"D:/Unreal Projects/Paper2d/Content/Sprites/Character/Character_Sprite_1.uasset" 487
"D:/Unreal Projects/Paper2d/Content/Sprites/Character/Character_Sprite_10.uasset" 488
"D:/Unreal Projects/Paper2d/Content/Sprites/Character/Character_Sprite_11.uasset" 489
"D:/Unreal Projects/Paper2d/Content/Sprites/Character/Character_Sprite_12.uasset" 490
"D:/Unreal Projects/Paper2d/Content/Sprites/Character/Character_Sprite_13.uasset" 491
"D:/Unreal Projects/Paper2d/Content/Sprites/Character/Character_Sprite_14.uasset" 492
"D:/Unreal Projects/Paper2d/Content/Sprites/Character/Character_Sprite_15.uasset" 493
"D:/Unreal Projects/Paper2d/Content/Sprites/Character/Character_Sprite_16.uasset" 494
"D:/Unreal Projects/Paper2d/Content/Sprites/Character/Character_Sprite_17.uasset" 495
"D:/Unreal Projects/Paper2d/Content/Sprites/Character/Character_Sprite_18.uasset" 496
"D:/Unreal Projects/Paper2d/Content/Sprites/Character/Character_Sprite_19.uasset" 497
"D:/Unreal Projects/Paper2d/Content/Sprites/Character/Character_Sprite_2.uasset" 498
"D:/Unreal Projects/Paper2d/Content/Sprites/Character/Character_Sprite_20.uasset" 499
"D:/Unreal Projects/Paper2d/Content/Sprites/Character/Character_Sprite_21.uasset" 500
"D:/Unreal Projects/Paper2d/Content/Sprites/Character/Character_Sprite_22.uasset" 501
"D:/Unreal Projects/Paper2d/Content/Sprites/Character/Character_Sprite_23.uasset" 502
"D:/Unreal Projects/Paper2d/Content/Sprites/Character/Character_Sprite_3.uasset" 503
"D:/Unreal Projects/Paper2d/Content/Sprites/Character/Character_Sprite_4.uasset" 504
"D:/Unreal Projects/Paper2d/Content/Sprites/Character/Character_Sprite_5.uasset" 505
"D:/Unreal Projects/Paper2d/Content/Sprites/Character/Character_Sprite_6.uasset" 506
"D:/Unreal Projects/Paper2d/Content/Sprites/Character/Character_Sprite_7.uasset" 507
"D:/Unreal Projects/Paper2d/Content/Sprites/Character/Character_Sprite_8.uasset" 508
"D:/Unreal Projects/Paper2d/Content/Sprites/Character/Character_Sprite_9.uasset" 509
"D:/Unreal Projects/Paper2d/Saved/Autosaves/Game/Maps/UEDPCLevel_00.umap" 510
"../../../Engine/Config/HTML5/HTML5Engine.ini" 511
"../../../Engine/Content/MobileResources/HUD/VirtualJoystick_Thumb.uasset" 512
"../../../Engine/Content/EditorBlueprintResources/StandardMacros.uasset" 513
"../../../Engine/Content/EditorResources/BSPVertex.uasset" 514
"../../../Engine/Content/EngineDebugMaterials/GeomMaterial.uasset" 515
"../../../Engine/Content/EngineDebugMaterials/BoneWeightMaterial.uasset" 516
"../../../Engine/Content/EngineDebugMaterials/HeatmapGradient.uasset" 517
"../../../Engine/Content/EditorMaterials/PhAT_JointLimitMaterial.uasset" 518
"../../../Engine/Content/EditorMaterials/PreviewShadowIndicatorMaterial.uasset" 519
"../../../Engine/Content/EditorMaterials/PreviewShadowIndicator.uasset" 520
"../../../Engine/Content/EngineMaterials/EditorBrushMaterial.uasset" 521
"../../../Engine/Content/EditorMeshes/ColorCalibrator/SM_ColorCalibrator.uasset" 522
"../../../Engine/Content/EditorMeshes/ColorCalibrator/M_ChromeBall.uasset" 523
"../../../Engine/Content/EditorMeshes/ColorCalibrator/M_ClearCoat.uasset" 524
"../../../Engine/Content/EditorMeshes/ColorCalibrator/M_ClearCoatBlack.uasset" 525
"../../../Engine/Content/EditorMeshes/ColorCalibrator/M_ColorGrid.uasset" 526
"../../../Engine/Content/EditorMeshes/ColorCalibrator/T_ColorGrid.uasset" 527
"../../../Engine/Content/EditorMeshes/ColorCalibrator/M_GreyBall.uasset" 528
"../../../Engine/Content/MobileResources/HUD/LeftVirtualJoystickOnly.uasset" 529
"../../../Engine/Content/MobileResources/HUD/VirtualJoystick_Background.uasset" 530
"../../../Engine/Content/Tutorial/BlueprintTutorials/TutorialAssets/Blueprint_64x.uasset" 531
"../../../Engine/Content/Tutorial/SubEditors/TutorialAssets/icon_Editor_Preferences_General_40x.uasset" 532
"../../../Engine/Content/Tutorial/Paper2D/TutorialAssets/Paper2DSprite_TutorialIcon.uasset" 533
"../../../Engine/Content/Tutorial/SubEditors/TutorialAssets/icon_ShowSkeletalMeshes_40x.uasset" 534
"../../../Engine/Content/Tutorial/Landscape/TutorialAssets/Landscape.uasset" 535
"../../../Engine/Content/Tutorial/Foliage/TutorialAssets/Foliage.uasset" 536
"../../../Engine/Content/Tutorial/SubEditors/StaticMeshEditorTutorial.uasset" 537
"../../../Engine/Content/EngineMeshes/Cube.uasset" 538
"../../../Engine/Content/Tutorial/BlueprintTutorials/BlueprintEditorTutorial.uasset" 539
"../../../Engine/Content/Tutorial/BlueprintTutorials/BlueprintMacroLibrariesEditorOverview.uasset" 540
"../../../Engine/Content/Tutorial/BlueprintTutorials/TutorialAssets/BlueprintMacroLibrary_64x.uasset" 541
"../../../Engine/Content/Tutorial/BlueprintTutorials/TutorialAssets/Tutorial_BP_MacroLib.uasset" 542
"../../../Engine/Content/Tutorial/BlueprintTutorials/BlueprintInterfacesEditorOverview.uasset" 543
"../../../Engine/Content/Tutorial/BlueprintTutorials/TutorialAssets/BlueprintInterface_64x.uasset" 544
"../../../Engine/Content/Tutorial/BlueprintTutorials/TutorialAssets/Tutorial_BP_Interface.uasset" 545
"../../../Engine/Content/Tutorial/BlueprintTutorials/LevelBlueprintEditorOverview.uasset" 546
"../../../Engine/Content/Tutorial/SubEditors/DestructibleMeshEditorTutorial.uasset" 547
"../../../Engine/Content/Tutorial/SubEditors/TutorialAssets/Tutorial_DM.uasset" 548
"../../../Engine/Content/EditorMeshes/EditorCube.uasset" 549
"../../../Engine/Content/Tutorial/SubEditors/MaterialEditorTutorial.uasset" 550
"../../../Engine/Content/Tutorial/SubEditors/TutorialAssets/TutorialMaterial.uasset" 551
"../../../Engine/Content/Tutorial/SubEditors/ParticleSystemEditorTutorial.uasset" 552
"../../../Engine/Content/Tutorial/SubEditors/TutorialAssets/TutorialParticleSystem.uasset" 553
"../../../Engine/Content/Tutorial/SubEditors/TutorialAssets/M_smoke_subUV_blackbody.uasset" 554
"../../../Engine/Content/Tutorial/SubEditors/TutorialAssets/T_SmokeSubUV_8X8.uasset" 555
"../../../Engine/Content/Tutorial/SubEditors/TutorialAssets/T_soft_smoke.uasset" 556
"../../../Engine/Content/Tutorial/SubEditors/PersonaAnimEditorWalkThrough.uasset" 557
"../../../Engine/Content/Tutorial/SubEditors/TutorialAssets/Character/NewBlendSpace1D.uasset" 558
"../../../Engine/Content/Tutorial/SubEditors/TutorialAssets/Character/Tutorial_Idle.uasset" 559
"../../../Engine/Content/Tutorial/SubEditors/TutorialAssets/Character/TutorialTPP_Skeleton.uasset" 560
"../../../Engine/Content/Tutorial/SubEditors/TutorialAssets/Character/Tutorial_Walk_Fwd.uasset" 561
"../../../Engine/Content/Tutorial/SubEditors/TutorialAssets/Character/TutorialTPP.uasset" 562
"../../../Engine/Content/Tutorial/SubEditors/TutorialAssets/Character/TutorialTPP_Mat.uasset" 563
"../../../Engine/Content/Tutorial/SubEditors/TutorialAssets/Character/TutorialTPP_PhysicsAsset.uasset" 564
"../../../Engine/Content/Tutorial/SubEditors/PersonaAnimBlueprintEditorWalkthrough.uasset" 565
"../../../Engine/Content/Tutorial/SubEditors/TutorialAssets/Character/TutorialTPP_AnimBlueprint.uasset" 566
"../../../Engine/Content/Tutorial/SubEditors/TutorialAssets/Character/TutorialCharacter.uasset" 567
"../../../Engine/Content/Tutorial/Paper2D/SpriteEditorTutorial.uasset" 568
"../../../Engine/Content/Tutorial/Paper2D/FlipbookEditorTutorial.uasset" 569
"../../../Engine/Content/Tutorial/Paper2D/TutorialAssets/Paper2DFlipbook_TutorialIcon.uasset" 570
"../../../Engine/Content/Tutorial/Landscape/Landscape_Manage_Mode.uasset" 571
"../../../Engine/Content/Tutorial/Landscape/Landscape_Sculpt_Mode.uasset" 572
"../../../Engine/Content/Tutorial/Landscape/Landscape_Painting_Mode.uasset" 573
"../../../Engine/Content/Tutorial/Foliage/Foliage_Intro_Tutorial.uasset" 574
"../../../Engine/Content/Tutorial/Foliage/Foliage_Using_The_Tool_Tutorial.uasset" 575
"../../../Engine/Content/Tutorial/Foliage/Foliage_Settings_Tutorial.uasset" 576
"C:/Users/Adam/AppData/Local/UnrealEngine/Common/DerivedDataCache/5/8/2/TEXTURE_814DCC3DC72143F49509781513CB9855_BGRA8_98300F4740FC637171DAFC8323BD3D6__C344CB76003A60AA252E8B873D339018E92A0DAD.udd" 577
"C:/Users/Adam/AppData/Local/UnrealEngine/Common/DerivedDataCache/6/0/7/TEXTURE_814DCC3DC72143F49509781513CB9855_BGRA8_98300F4740FC637171DAFC8323BD3D6__3D17EF482D39B4AA5EE94471BE355A27670500C3.udd" 578
"C:/Users/Adam/AppData/Local/UnrealEngine/Common/DerivedDataCache/4/5/6/TEXTURE_814DCC3DC72143F49509781513CB9855_BGRA8_98300F4740FC637171DAFC8323BD3D6__4CC94F774E6CE689C562616DC5239FA19377FD3D.udd" 579
"../../../Engine/Content/MobileResources/HUD/MobileHUDDirectionStick.uasset" 580
"../../../Engine/Content/MobileResources/HUD/MobileHUDButton1_on.uasset" 581
"../../../Engine/Content/MobileResources/HUD/DefaultVirtualJoysticks.uasset" 582
"../../../Engine/Content/MobileResources/HUD/AnalogHat.uasset" 583
"../../../Engine/Content/EngineSky/BP_Sky_Sphere.uasset" 584
"../../../Engine/Content/EngineSky/C_Sky_Cloud_Color.uasset" 585
"../../../Engine/Content/EngineSky/C_Sky_Horizon_Color.uasset" 586
"../../../Engine/Content/EngineSky/C_Sky_Zenith_Color.uasset" 587
"../../../Engine/Content/EngineSky/M_Sky_Panning_Clouds2.uasset" 588
"../../../Engine/Content/EngineSky/T_Sky_Blue.uasset" 589
"../../../Engine/Content/EngineSky/T_Sky_Clouds_M.uasset" 590
"../../../Engine/Content/EngineSky/T_Sky_Stars.uasset" 591
"../../../Engine/Content/EngineSky/SM_SkySphere.uasset" 592
"../../../Engine/Content/MapTemplates/SM_Template_Map_Floor.uasset" 593
"C:/Users/Adam/AppData/Local/UnrealEngine/Common/DerivedDataCache/2/2/6/TEXTURE_814DCC3DC72143F49509781513CB9855_AUTODXT_0526E4DD4835E05A66A2159B2D266__04B04C62C36E5984458390FD115AEA5EA8451871.udd" 594
"C:/Users/Adam/AppData/Local/UnrealEngine/Common/DerivedDataCache/0/5/2/TEXTURE_814DCC3DC72143F49509781513CB9855_AUTODXT_0526E4DD4835E05A66A2159B2D266__F1F2BAEE415551C23B27BE104F778AAFF254843C.udd" 595
"C:/Users/Adam/AppData/Local/UnrealEngine/Common/DerivedDataCache/4/8/7/TEXTURE_814DCC3DC72143F49509781513CB9855_AUTODXT_A6AABD6D4DD120232957A183B9B9D__E1B360FE008689772DE3B184D6B7ADAE2F22C41F.udd" 596
"C:/Users/Adam/AppData/Local/UnrealEngine/Common/DerivedDataCache/1/8/0/TEXTURE_814DCC3DC72143F49509781513CB9855_AUTODXT_0526E4DD4835E05A66A2159B2D266__1D2985F6DEF6E7643965FB4CF49252DC6D88C7B0.udd" 597
"C:/Users/Adam/AppData/Local/UnrealEngine/Common/DerivedDataCache/5/7/5/TEXTURE_814DCC3DC72143F49509781513CB9855_DXT1_C57E382449B91C1B8DC4DABD2E4B286A__664319515A50E4BEFDF153C9DD31C064C71889D3.udd" 598
"C:/Users/Adam/AppData/Local/UnrealEngine/Common/DerivedDataCache/6/7/9/TEXTURE_814DCC3DC72143F49509781513CB9855_DXT1_BF8F947540D8C75880C779AC82E6BCA5__AFD924A8D3BF7AEE42015C7353956383B11CAA05.udd" 599
"C:/Users/Adam/AppData/Local/UnrealEngine/Common/DerivedDataCache/9/7/2/TEXTURE_814DCC3DC72143F49509781513CB9855_DXT1_C57E382449B91C1B8DC4DABD2E4B286A__0D8F1CB71B9B47F91A3E9D849EF08C2BF7898A79.udd" 600
"C:/Users/Adam/AppData/Local/UnrealEngine/Common/DerivedDataCache/6/2/3/TEXTURE_814DCC3DC72143F49509781513CB9855_G8_ABCA49F04D3CB45CF7540BB864D8F7F8_0__CE13330EF1A052C10FF25047B4AF692BFA00743E.udd" 601
"C:/Users/Adam/AppData/Local/UnrealEngine/Common/DerivedDataCache/9/4/2/TEXTURE_814DCC3DC72143F49509781513CB9855_G8_ABCA49F04D3CB45CF7540BB864D8F7F8_0__9CDBE64E87BA278CD9CDE0EE341C2A54AC856C02.udd" 602
"C:/Users/Adam/AppData/Local/UnrealEngine/Common/DerivedDataCache/9/9/7/TEXTURE_814DCC3DC72143F49509781513CB9855_DXT1_C57E382449B91C1B8DC4DABD2E4B286A__0C6DA394E2A4DF0C82F501ADF04F6470F7789946.udd" 603
"C:/Users/Adam/AppData/Local/UnrealEngine/Common/DerivedDataCache/1/0/9/TEXTURE_814DCC3DC72143F49509781513CB9855_G8_ABCA49F04D3CB45CF7540BB864D8F7F8_0__7343E44C7468FF0D86E206484BC4BC51D909E317.udd" 604
"C:/Users/Adam/AppData/Local/UnrealEngine/Common/DerivedDataCache/6/9/7/TEXTURE_814DCC3DC72143F49509781513CB9855_G8_89201A7E43FDCB70BC20C58E1B0EA3EA_0__F0FF1412B897ED8E3D1D218420144AF3BCB349CA.udd" 605
"../../../Engine/Content/EditorResources/EmptyActor.uasset" 606
"../../../Engine/Content/MobileResources/HUD/T_Castle_ThumbstickOutter.uasset" 607
"../../../Engine/Content/MobileResources/HUD/MobileHUDDirectionPad3.uasset" 608
"../../../Engine/Content/Maps/Entry.umap" 609
"../../../Engine/Content/EngineMaterials/DefaultNormal.uasset" 610
"../../../Engine/Content/EditorResources/LightIcons/S_LightError.uasset" 611
"../../../Engine/Content/MobileResources/HUD/MobileHUDDirectionPad.uasset" 612
"../../../Engine/Content/MobileResources/HUD/T_Castle_ThumbstickInner.uasset" 613
"../../../Engine/Content/MobileResources/HUD/MobileHUDButtonFire.uasset" 614
"../../../Engine/Content/MobileResources/HUD/MobileHUDDirectionPad2.uasset" 615
"../../../Engine/Content/MobileResources/HUD/MobileHUDButton1_off.uasset" 616
"../../../Engine/Content/MobileResources/T_MobileControls_texture.uasset" 617
"../../../Engine/Content/MobileResources/T_MobileMenu2.uasset" 618
"../../../Engine/Content/MobileResources/HUD/MobileHUDButton2_off.uasset" 619
"../../../Engine/Content/MobileResources/HUD/MobileHUDButton3.uasset" 620
"../../../Engine/Content/MobileResources/HUD/MobileHUDButton2_on.uasset" 621
"..\..\..\Engine\Content\Internationalization\icudt53l\windowsZones.res" 622
"..\..\..\Engine\Content\Internationalization\icudt53l\zoneinfo64.res" 623
"..\..\..\Engine\Content\Internationalization\icudt53l\keyTypeData.res" 624
"..\..\..\Engine\Content\Internationalization\icudt53l\timezoneTypes.res" 625
"..\..\..\Engine\Content\Internationalization\icudt53l\supplementalData.res" 626
"..\..\..\Engine\Content\Internationalization\icudt53l\likelySubtags.res" 627
