[2016.02.03-00.51.28:830][  0]Log file open, 02/02/16 19:51:28
[2016.02.03-00.51.28:830][  0]LogInit:Display: Running engine for game: Paper2d
[2016.02.03-00.51.28:830][  0]LogPlatformFile: Not using cached read wrapper
[2016.02.03-00.51.28:830][  0]LogInit:Display: RandInit(-1759336037) SRandInit(-1759336036).
[2016.02.03-00.51.28:830][  0]LogTaskGraph: Started task graph with 4 named threads and 7 total threads.
[2016.02.03-00.51.28:830][  0]LogStats: Stats thread started at 0.067451
[2016.02.03-00.51.28:830][  0]LogInit: Version: 4.10.1-2791327+++depot+UE4-Releases+4.10
[2016.02.03-00.51.28:830][  0]LogInit: API Version: 2758231
[2016.02.03-00.51.28:830][  0]LogInit: Compiled (64-bit): Dec  4 2015 19:44:40
[2016.02.03-00.51.28:830][  0]LogInit: Compiled with Visual C++: 19.00.23026.00
[2016.02.03-00.51.28:830][  0]LogInit: Build Configuration: Development
[2016.02.03-00.51.28:830][  0]LogInit: Branch Name: ++depot+UE4-Releases+4.10
[2016.02.03-00.51.28:830][  0]LogInit: Command line:  
[2016.02.03-00.51.28:830][  0]LogInit: Base directory: A:/Epic Games/4.10/Engine/Binaries/Win64/
[2016.02.03-00.51.28:830][  0]LogInit: Rocket: 1
[2016.02.03-00.51.28:843][  0]LogInit: Using libcurl 7.41.0
[2016.02.03-00.51.28:843][  0]LogInit:  - built for x86_64-pc-win32
[2016.02.03-00.51.28:843][  0]LogInit:  - supports SSL with WinSSL
[2016.02.03-00.51.28:843][  0]LogInit:  - other features:
[2016.02.03-00.51.28:843][  0]LogInit:      CURL_VERSION_SSL
[2016.02.03-00.51.28:843][  0]LogInit:      CURL_VERSION_IPV6
[2016.02.03-00.51.28:843][  0]LogInit:      CURL_VERSION_ASYNCHDNS
[2016.02.03-00.51.28:843][  0]LogInit:      CURL_VERSION_LARGEFILE
[2016.02.03-00.51.28:843][  0]LogInit:      CURL_VERSION_IDN
[2016.02.03-00.51.28:843][  0]LogInit:  CurlRequestOptions (configurable via config and command line):
[2016.02.03-00.51.28:843][  0]LogInit:  - bVerifyPeer = true  - Libcurl will verify peer certificate
[2016.02.03-00.51.28:843][  0]LogInit:  - bUseHttpProxy = false  - Libcurl will NOT use HTTP proxy
[2016.02.03-00.51.28:843][  0]LogInit:  - bDontReuseConnections = false  - Libcurl will reuse connections
[2016.02.03-00.51.28:843][  0]LogInit:  - CertBundlePath = nullptr  - Libcurl will use whatever was configured at build time.
[2016.02.03-00.51.28:847][  0]LogInit: Presizing for 0 objects not considered by GC, pre-allocating 0 bytes.
[2016.02.03-00.51.28:854][  0]LogInit: Object subsystem initialized
[2016.02.03-00.51.28:854][  0]LogInit: Selected Device Profile: [Windows]
[2016.02.03-00.51.28:854][  0]LogInit: Applying CVar settings loaded from the selected device profile: [Windows]
[2016.02.03-00.51.28:890][  0]LogInit: Computer: BAT-CAVE
[2016.02.03-00.51.28:890][  0]LogInit: User: Adam
[2016.02.03-00.51.28:890][  0]LogInit: CPU Page size=4096, Cores=4
[2016.02.03-00.51.28:890][  0]LogInit: High frequency timer resolution =3.320351 MHz
[2016.02.03-00.51.28:890][  0]LogMemory: Memory total: Physical=7.9GB (8GB approx)
[2016.02.03-00.51.28:890][  0]LogMemory: Platform Memory Stats for Windows
[2016.02.03-00.51.28:890][  0]LogMemory: Process Physical Memory: 56.03 MB used, 56.03 MB peak
[2016.02.03-00.51.28:890][  0]LogMemory: Process Virtual Memory: 58.70 MB used, 58.70 MB peak
[2016.02.03-00.51.28:890][  0]LogMemory: Physical Memory: 5108.04 MB used, 8087.07 MB total
[2016.02.03-00.51.28:890][  0]LogMemory: Virtual Memory: 384.30 MB used, 134217728.00 MB total
[2016.02.03-00.51.28:962][  0]LogTextLocalizationManager: No specific translations for ('en-US') exist, so ('en') translations will be used.
[2016.02.03-00.51.29:505][  0]LogD3D11RHI: Found D3D11 adapter 0: NVIDIA GeForce GTX 970 (Feature Level 11_0)
[2016.02.03-00.51.29:505][  0]LogD3D11RHI: Adapter has 4007MB of dedicated video memory, 0MB of dedicated system memory, and 4043MB of shared system memory, 2 output[s]
[2016.02.03-00.51.29:509][  0]LogD3D11RHI: Found D3D11 adapter 1: Intel(R) HD Graphics 4000 (Feature Level 11_0)
[2016.02.03-00.51.29:509][  0]LogD3D11RHI: Adapter has 32MB of dedicated video memory, 0MB of dedicated system memory, and 1760MB of shared system memory, 0 output[s]
[2016.02.03-00.51.29:510][  0]LogD3D11RHI: Found D3D11 adapter 2: Microsoft Basic Render Driver (Feature Level 11_0)
[2016.02.03-00.51.29:510][  0]LogD3D11RHI: Adapter has 0MB of dedicated video memory, 0MB of dedicated system memory, and 4043MB of shared system memory, 0 output[s]
[2016.02.03-00.51.29:510][  0]LogD3D11RHI: Chosen D3D11 Adapter Id = 0
[2016.02.03-00.51.29:515][  0]LogD3D11RHI: !Direct3DDevice
[2016.02.03-00.51.29:515][  0]LogRHI: Texture pool is 1361 MB (70% of 1945 MB)
[2016.02.03-00.51.29:533][  0]LogD3D11RHI: Async texture creation enabled
[2016.02.03-00.51.29:548][  0]LogShaderCompilers: Guid format shader working directory is 19 characters bigger than the processId version (D:/Unreal Projects/Paper2d/Intermediate/Shaders/WorkingDirectory/4792/).
[2016.02.03-00.51.29:548][  0]LogShaderCompilers: Cleaned the shader compiler working directory 'C:/Users/Adam/AppData/Local/Temp/UnrealShaderWorkingDir/B02C1E56404E2A835111D192DC681159/'.
[2016.02.03-00.51.29:548][  0]LogShaderCompilers:Display: Using Local Shader Compiler.
[2016.02.03-00.51.30:955][  0]LogTemp:Display: Loaded TP AllDesktopTargetPlatform
[2016.02.03-00.51.30:958][  0]LogTemp:Display: Loaded TP WindowsClientTargetPlatform
[2016.02.03-00.51.30:961][  0]LogTemp:Display: Loaded TP WindowsNoEditorTargetPlatform
[2016.02.03-00.51.30:964][  0]LogTemp:Display: Loaded TP WindowsServerTargetPlatform
[2016.02.03-00.51.30:969][  0]LogTemp:Display: Loaded TP WindowsTargetPlatform
[2016.02.03-00.51.30:973][  0]LogTemp:Display: Loaded TP AndroidTargetPlatform
[2016.02.03-00.51.30:975][  0]LogTemp:Display: Loaded TP Android_ASTCTargetPlatform
[2016.02.03-00.51.30:977][  0]LogTemp:Display: Loaded TP Android_ATCTargetPlatform
[2016.02.03-00.51.30:980][  0]LogTemp:Display: Loaded TP Android_DXTTargetPlatform
[2016.02.03-00.51.30:982][  0]LogTemp:Display: Loaded TP Android_ETC1TargetPlatform
[2016.02.03-00.51.30:986][  0]LogTemp:Display: Loaded TP Android_ETC2TargetPlatform
[2016.02.03-00.51.30:991][  0]LogTemp:Display: Loaded TP Android_MultiTargetPlatform
[2016.02.03-00.51.30:991][  0]LogTemp:Display: Loaded TP Android_PVRTCTargetPlatform
[2016.02.03-00.51.30:992][  0]LogTemp:Display: Loaded TP HTML5TargetPlatform
[2016.02.03-00.51.31:009][  0]LogTemp:Display: Loaded TP IOSTargetPlatform
[2016.02.03-00.51.31:011][  0]LogTemp:Display: Loaded TP LinuxNoEditorTargetPlatform
[2016.02.03-00.51.31:013][  0]LogTemp:Display: Loaded TP LinuxServerTargetPlatform
[2016.02.03-00.51.31:020][  0]LogTemp:Display: Loaded TP LinuxTargetPlatform
[2016.02.03-00.51.31:020][  0]LogTargetPlatformManager:Display: Building Assets For Windows
[2016.02.03-00.51.31:092][  0]LogDerivedDataCache:Display: Max Cache Size: 512 MB
[2016.02.03-00.51.31:308][  0]LogDerivedDataCache: Loaded boot cache 0.22s 41MB C:/Users/Adam/AppData/Local/UnrealEngine/4.10/DerivedDataCache/Boot.ddc.
[2016.02.03-00.51.31:308][  0]LogDerivedDataCache:Display: Loaded Boot cache: C:/Users/Adam/AppData/Local/UnrealEngine/4.10/DerivedDataCache/Boot.ddc
[2016.02.03-00.51.31:308][  0]LogDerivedDataCache: FDerivedDataBackendGraph:  Pak pak cache file D:/Unreal Projects/Paper2d/DerivedDataCache/DDC.ddp not found, will not use a pak cache.
[2016.02.03-00.51.31:308][  0]LogDerivedDataCache: Unable to find inner node Pak for hierarchical cache Hierarchy.
[2016.02.03-00.51.31:308][  0]LogDerivedDataCache: FDerivedDataBackendGraph:  CompressedPak pak cache file D:/Unreal Projects/Paper2d/DerivedDataCache/Compressed.ddp not found, will not use a pak cache.
[2016.02.03-00.51.31:308][  0]LogDerivedDataCache: Unable to find inner node CompressedPak for hierarchical cache Hierarchy.
[2016.02.03-00.51.31:386][  0]LogDerivedDataCache:Display: Pak cache opened for reading ../../../Engine/DerivedDataCache/Compressed.ddp.
[2016.02.03-00.51.31:398][  0]LogDerivedDataCache: Using Local data cache path C:/Users/Adam/AppData/Local/UnrealEngine/Common/DerivedDataCache: Writable
[2016.02.03-00.51.32:932][  0]LogInit: Selected Device Pr